<?xml version="1.0" encoding="UTF-8"?>
<!-- Generated by org.testng.reporters.JUnitXMLReporter -->
<testsuite hostname="capelit55068868.inedc.corpintra.net" ignored="0" name="HTC" tests="5" failures="0" timestamp="24 Feb 2019 16:46:13 GMT" time="170.129" errors="0">
  <testcase name="selectCountryAndRegion on [DemoTest passed=0 failed=0 skipped=0]" time="20.08" classname="com.ebay.testscripts.DemoTest"/>
  <testcase name="verifyTrendingDealsScreen on [DemoTest passed=0 failed=0 skipped=0]" time="34.56" classname="com.ebay.testscripts.DemoTest"/>
  <testcase name="verifySearchCategories on [DemoTest passed=0 failed=0 skipped=0]" time="17.72" classname="com.ebay.testscripts.DemoTest"/>
  <testcase name="verifyRegisterScreenElements on [DemoTest passed=0 failed=0 skipped=0]" time="61.027" classname="com.ebay.testscripts.DemoTest"/>
  <testcase name="verifySellingScreen on [DemoTest passed=0 failed=0 skipped=0]" time="6.194" classname="com.ebay.testscripts.DemoTest"/>
</testsuite> <!-- HTC -->
